Change Component Designator: Old Designator=C? New Designator=C?
Change Component Designator: Old Designator=C? New Designator=C?
Change Component Designator: Old Designator=C? New Designator=C?
Change Component Designator: Old Designator=C? New Designator=C?
Change Component Designator: Old Designator=C? New Designator=C?
Change Component Designator: Old Designator=C? New Designator=C?
Change Component Designator: Old Designator=C? New Designator=C?
Change Component Designator: Old Designator=C? New Designator=C?
Change Component Designator: Old Designator=C? New Designator=C?
Change Component Designator: Old Designator=C? New Designator=C?
Change Component Designator: Old Designator=C? New Designator=C?
Change Component Designator: Old Designator=C? New Designator=C?
Change Component Designator: Old Designator=C? New Designator=C?
Change Component Designator: Old Designator=C? New Designator=C?
Change Component Designator: Old Designator=C? New Designator=C?
Change Component Designator: Old Designator=C? New Designator=C?
Change Component Designator: Old Designator=C? New Designator=C?
Change Component Designator: Old Designator=C? New Designator=C?
Change Component Designator: Old Designator=C? New Designator=C?
Change Component Designator: Old Designator=C? New Designator=C?
Change Component Designator: Old Designator=C? New Designator=C?
Change Component Designator: Old Designator=C? New Designator=C?
Change Component Designator: Old Designator=C? New Designator=C?
Change Component Designator: Old Designator=C? New Designator=C?
Change Component Designator: Old Designator=C? New Designator=C?
Change Component Designator: Old Designator=C? New Designator=C?
Change Component Designator: Old Designator=C? New Designator=C?
Change Component Designator: Old Designator=C? New Designator=C?
Change Component Designator: Old Designator=D? New Designator=D?
Change Component Designator: Old Designator=D? New Designator=D?
Change Component Designator: Old Designator=D? New Designator=D?
Change Component Designator: Old Designator=D? New Designator=D?
Change Component Designator: Old Designator=D? New Designator=D?
Change Component Designator: Old Designator=D? New Designator=D?
Change Component Designator: Old Designator=D? New Designator=D?
Change Component Designator: Old Designator=K? New Designator=K?
Change Component Designator: Old Designator=K? New Designator=K?
Change Component Designator: Old Designator=Q? New Designator=Q?
Change Component Designator: Old Designator=Q? New Designator=Q?
Change Component Part ID : Designator=Q1 Old Part ID =1 New Part ID =2
Change Component Designator: Old Designator=Q? New Designator=Q?
Change Component Designator: Old Designator=Q? New Designator=Q?
Change Component Part ID : Designator=Q2 Old Part ID =1 New Part ID =2
Change Component Designator: Old Designator=Q? New Designator=Q?
Change Component Designator: Old Designator=Q? New Designator=Q?
Change Component Part ID : Designator=Q3 Old Part ID =1 New Part ID =2
Change Component Designator: Old Designator=Q? New Designator=Q?
Change Component Designator: Old Designator=R? New Designator=R?
Change Component Designator: Old Designator=R? New Designator=R?
Change Component Designator: Old Designator=R? New Designator=R?
Change Component Designator: Old Designator=R? New Designator=R?
Change Component Designator: Old Designator=R? New Designator=R?
Change Component Designator: Old Designator=R? New Designator=R?
Change Component Designator: Old Designator=R? New Designator=R?
Change Component Designator: Old Designator=R? New Designator=R?
Change Component Designator: Old Designator=R? New Designator=R?
Change Component Designator: Old Designator=R? New Designator=R?
Change Component Designator: Old Designator=R? New Designator=R?
Change Component Designator: Old Designator=R? New Designator=R?
Change Component Designator: Old Designator=R? New Designator=R?
Change Component Designator: Old Designator=R? New Designator=R?
Change Component Designator: Old Designator=R? New Designator=R?
Change Component Designator: Old Designator=R? New Designator=R?
Change Component Designator: Old Designator=R? New Designator=R?
Change Component Designator: Old Designator=R? New Designator=R?
Change Component Designator: Old Designator=R? New Designator=R?
Change Component Designator: Old Designator=R? New Designator=R?
Change Component Designator: Old Designator=R? New Designator=R?
Change Component Designator: Old Designator=R? New Designator=R?
Change Component Designator: Old Designator=R? New Designator=R?
Change Component Designator: Old Designator=R? New Designator=R?
Change Component Designator: Old Designator=R? New Designator=R?
Change Component Designator: Old Designator=R? New Designator=R?
Change Component Designator: Old Designator=R? New Designator=R?
Change Component Designator: Old Designator=R? New Designator=R?
Change Component Designator: Old Designator=R? New Designator=R?
Change Component Designator: Old Designator=R? New Designator=R?
Change Component Designator: Old Designator=R? New Designator=R?
Change Component Designator: Old Designator=R? New Designator=R?
Change Component Designator: Old Designator=R? New Designator=R?
Change Component Designator: Old Designator=R? New Designator=R?
Change Component Designator: Old Designator=R? New Designator=R?
Change Component Designator: Old Designator=R? New Designator=R?
Change Component Designator: Old Designator=R? New Designator=R?
Change Component Designator: Old Designator=R? New Designator=R?
Change Component Designator: Old Designator=R? New Designator=R?
Change Component Designator: Old Designator=R? New Designator=R?
Change Component Designator: Old Designator=R? New Designator=R?
Change Component Designator: Old Designator=R? New Designator=R?
Change Component Designator: Old Designator=R? New Designator=R?
Change Component Designator: Old Designator=R? New Designator=R?
Change Component Designator: Old Designator=R? New Designator=R?
Change Component Designator: Old Designator=R? New Designator=R?
Change Component Designator: Old Designator=R? New Designator=R?
Change Component Designator: Old Designator=R? New Designator=R?
Change Component Designator: Old Designator=R? New Designator=R?
Change Component Designator: Old Designator=R? New Designator=R?
Change Component Designator: Old Designator=R? New Designator=R?
Change Component Designator: Old Designator=R? New Designator=R?
Change Component Designator: Old Designator=R? New Designator=R?
Change Component Designator: Old Designator=R? New Designator=R?
Change Component Designator: Old Designator=R? New Designator=R?
Change Component Designator: Old Designator=R? New Designator=R?
Change Component Designator: Old Designator=R? New Designator=R?
Change Component Designator: Old Designator=R? New Designator=R?
Change Component Designator: Old Designator=R? New Designator=R?
Change Component Designator: Old Designator=R? New Designator=R?
Change Component Designator: Old Designator=R? New Designator=R?
Change Component Designator: Old Designator=R? New Designator=R?
Change Component Designator: Old Designator=R? New Designator=R?
Change Component Designator: Old Designator=R? New Designator=R?
Change Component Designator: Old Designator=R? New Designator=R?
Change Component Designator: Old Designator=R? New Designator=R?
Change Component Designator: Old Designator=R? New Designator=R?
Change Component Designator: Old Designator=R? New Designator=R?
Change Component Designator: Old Designator=R? New Designator=R?
Change Component Designator: Old Designator=R? New Designator=R?
Change Component Designator: Old Designator=R? New Designator=R?
Change Component Designator: Old Designator=R? New Designator=R?
Change Component Designator: Old Designator=U? New Designator=U?
Change Component Designator: Old Designator=U? New Designator=U?
Change Component Designator: Old Designator=U? New Designator=U?
Change Component Designator: Old Designator=U? New Designator=U?
Change Component Designator: Old Designator=U? New Designator=U?
Change Component Designator: Old Designator=U? New Designator=U?
