Change Component Designator: Old Designator=C4 New Designator=C4
Change Component Designator: Old Designator=C5 New Designator=C5
Change Component Designator: Old Designator=C6 New Designator=C6
Change Component Designator: Old Designator=C7 New Designator=C7
Change Component Designator: Old Designator=C8 New Designator=C8
Change Component Designator: Old Designator=C9 New Designator=C9
Change Component Designator: Old Designator=C10 New Designator=C10
Change Component Designator: Old Designator=C11 New Designator=C11
Change Component Designator: Old Designator=C12 New Designator=C12
Change Component Designator: Old Designator=C13 New Designator=C13
Change Component Designator: Old Designator=C14 New Designator=C14
Change Component Designator: Old Designator=C15 New Designator=C15
Change Component Designator: Old Designator=C16 New Designator=C16
Change Component Designator: Old Designator=C17 New Designator=C17
Change Component Designator: Old Designator=C18 New Designator=C18
Change Component Designator: Old Designator=C19 New Designator=C19
Change Component Designator: Old Designator=C20 New Designator=C20
Change Component Designator: Old Designator=C23 New Designator=C23
Change Component Designator: Old Designator=C24 New Designator=C24
Change Component Designator: Old Designator=C25 New Designator=C25
Change Component Designator: Old Designator=C26 New Designator=C26
Change Component Designator: Old Designator=C28 New Designator=C28
Change Component Designator: Old Designator=C61 New Designator=C61
Change Component Designator: Old Designator=C62 New Designator=C62
Change Component Designator: Old Designator=C63 New Designator=C63
Change Component Designator: Old Designator=C64 New Designator=C64
Change Component Designator: Old Designator=C65 New Designator=C65
Change Component Designator: Old Designator=C66 New Designator=C66
Change Component Designator: Old Designator=D5 New Designator=D5
Change Component Designator: Old Designator=D6 New Designator=D6
Change Component Designator: Old Designator=D7 New Designator=D7
Change Component Designator: Old Designator=D8 New Designator=D8
Change Component Designator: Old Designator=D9 New Designator=D9
Change Component Designator: Old Designator=D10 New Designator=D10
Change Component Designator: Old Designator=D11 New Designator=D11
Change Component Designator: Old Designator=K1 New Designator=K1
Change Component Designator: Old Designator=K2 New Designator=K2
Change Component Designator: Old Designator=Q6 New Designator=Q6
Change Component Designator: Old Designator=Q7 New Designator=Q7
Change Component Designator: Old Designator=Q7 New Designator=Q7
Change Component Part ID : Designator= Old Part ID =2 New Part ID =1
Change Component Designator: Old Designator=Q8 New Designator=Q8
Change Component Designator: Old Designator=Q8 New Designator=Q8
Change Component Part ID : Designator= Old Part ID =2 New Part ID =1
Change Component Designator: Old Designator=Q9 New Designator=Q9
Change Component Designator: Old Designator=Q9 New Designator=Q9
Change Component Part ID : Designator= Old Part ID =2 New Part ID =1
Change Component Designator: Old Designator=R12 New Designator=R12
Change Component Designator: Old Designator=R13 New Designator=R13
Change Component Designator: Old Designator=R24 New Designator=R24
Change Component Designator: Old Designator=R25 New Designator=R25
Change Component Designator: Old Designator=R26 New Designator=R26
Change Component Designator: Old Designator=R27 New Designator=R27
Change Component Designator: Old Designator=R28 New Designator=R28
Change Component Designator: Old Designator=R29 New Designator=R29
Change Component Designator: Old Designator=R30 New Designator=R30
Change Component Designator: Old Designator=R31 New Designator=R31
Change Component Designator: Old Designator=R32 New Designator=R32
Change Component Designator: Old Designator=R33 New Designator=R33
Change Component Designator: Old Designator=R34 New Designator=R34
Change Component Designator: Old Designator=R35 New Designator=R35
Change Component Designator: Old Designator=R36 New Designator=R36
Change Component Designator: Old Designator=R37 New Designator=R37
Change Component Designator: Old Designator=R38 New Designator=R38
Change Component Designator: Old Designator=R39 New Designator=R39
Change Component Designator: Old Designator=R40 New Designator=R40
Change Component Designator: Old Designator=R41 New Designator=R41
Change Component Designator: Old Designator=R42 New Designator=R42
Change Component Designator: Old Designator=R43 New Designator=R43
Change Component Designator: Old Designator=R44 New Designator=R44
Change Component Designator: Old Designator=R45 New Designator=R45
Change Component Designator: Old Designator=R46 New Designator=R46
Change Component Designator: Old Designator=R47 New Designator=R47
Change Component Designator: Old Designator=R48 New Designator=R48
Change Component Designator: Old Designator=R49 New Designator=R49
Change Component Designator: Old Designator=R50 New Designator=R50
Change Component Designator: Old Designator=R51 New Designator=R51
Change Component Designator: Old Designator=R52 New Designator=R52
Change Component Designator: Old Designator=R53 New Designator=R53
Change Component Designator: Old Designator=R54 New Designator=R54
Change Component Designator: Old Designator=R55 New Designator=R55
Change Component Designator: Old Designator=R56 New Designator=R56
Change Component Designator: Old Designator=R57 New Designator=R57
Change Component Designator: Old Designator=R58 New Designator=R58
Change Component Designator: Old Designator=R59 New Designator=R59
Change Component Designator: Old Designator=R60 New Designator=R60
Change Component Designator: Old Designator=R61 New Designator=R61
Change Component Designator: Old Designator=R62 New Designator=R62
Change Component Designator: Old Designator=R63 New Designator=R63
Change Component Designator: Old Designator=R64 New Designator=R64
Change Component Designator: Old Designator=R65 New Designator=R65
Change Component Designator: Old Designator=R66 New Designator=R66
Change Component Designator: Old Designator=R67 New Designator=R67
Change Component Designator: Old Designator=R68 New Designator=R68
Change Component Designator: Old Designator=R69 New Designator=R69
Change Component Designator: Old Designator=R70 New Designator=R70
Change Component Designator: Old Designator=R71 New Designator=R71
Change Component Designator: Old Designator=R72 New Designator=R72
Change Component Designator: Old Designator=R73 New Designator=R73
Change Component Designator: Old Designator=R74 New Designator=R74
Change Component Designator: Old Designator=R75 New Designator=R75
Change Component Designator: Old Designator=R76 New Designator=R76
Change Component Designator: Old Designator=R77 New Designator=R77
Change Component Designator: Old Designator=R78 New Designator=R78
Change Component Designator: Old Designator=R79 New Designator=R79
Change Component Designator: Old Designator=R80 New Designator=R80
Change Component Designator: Old Designator=R81 New Designator=R81
Change Component Designator: Old Designator=R82 New Designator=R82
Change Component Designator: Old Designator=R111 New Designator=R111
Change Component Designator: Old Designator=R118 New Designator=R118
Change Component Designator: Old Designator=R121 New Designator=R121
Change Component Designator: Old Designator=R122 New Designator=R122
Change Component Designator: Old Designator=R123 New Designator=R123
Change Component Designator: Old Designator=R124 New Designator=R124
Change Component Designator: Old Designator=R125 New Designator=R125
Change Component Designator: Old Designator=R126 New Designator=R126
Change Component Designator: Old Designator=R127 New Designator=R127
Change Component Designator: Old Designator=R128 New Designator=R128
Change Component Designator: Old Designator=R129 New Designator=R129
Change Component Designator: Old Designator=U2 New Designator=U2
Change Component Designator: Old Designator=U6 New Designator=U6
Change Component Designator: Old Designator=U7 New Designator=U7
Change Component Designator: Old Designator=U8 New Designator=U8
Change Component Designator: Old Designator=U9 New Designator=U9
Change Component Designator: Old Designator=U10 New Designator=U10
