Change Component Designator: Old Designator=A1 New Designator=A1
Change Component Designator: Old Designator=C1 New Designator=C1
Change Component Designator: Old Designator=C3 New Designator=C3
Change Component Designator: Old Designator=C35 New Designator=C35
Change Component Designator: Old Designator=C36 New Designator=C36
Change Component Designator: Old Designator=C50 New Designator=C50
Change Component Designator: Old Designator=C51 New Designator=C51
Change Component Designator: Old Designator=C52 New Designator=C52
Change Component Designator: Old Designator=C53 New Designator=C53
Change Component Designator: Old Designator=C54 New Designator=C54
Change Component Designator: Old Designator=C55 New Designator=C55
Change Component Designator: Old Designator=C56 New Designator=C56
Change Component Designator: Old Designator=C57 New Designator=C57
Change Component Designator: Old Designator=C58 New Designator=C58
Change Component Designator: Old Designator=C60 New Designator=C60
Change Component Designator: Old Designator=D2 New Designator=D2
Change Component Designator: Old Designator=JP1 New Designator=JP1
Change Component Designator: Old Designator=JP4 New Designator=JP4
Change Component Designator: Old Designator=JP6 New Designator=JP6
Change Component Designator: Old Designator=Q4 New Designator=Q4
Change Component Designator: Old Designator=R9 New Designator=R9
Change Component Designator: Old Designator=R10 New Designator=R10
Change Component Designator: Old Designator=R15 New Designator=R15
Change Component Designator: Old Designator=R16 New Designator=R16
Change Component Designator: Old Designator=R17 New Designator=R17
Change Component Designator: Old Designator=R18 New Designator=R18
Change Component Designator: Old Designator=R19 New Designator=R19
Change Component Designator: Old Designator=R22 New Designator=R22
Change Component Designator: Old Designator=R23 New Designator=R23
Change Component Designator: Old Designator=R84 New Designator=R84
Change Component Designator: Old Designator=R92 New Designator=R92
Change Component Designator: Old Designator=R95 New Designator=R95
Change Component Designator: Old Designator=R96 New Designator=R96
Change Component Designator: Old Designator=R97 New Designator=R97
Change Component Designator: Old Designator=U1 New Designator=U1
Change Component Designator: Old Designator=U5 New Designator=U5
Change Component Designator: Old Designator=U11 New Designator=U11
Change Component Designator: Old Designator=U13 New Designator=U13
Change Component Designator: Old Designator=U23 New Designator=U23
Change Component Designator: Old Designator=U24 New Designator=U24
Change Component Designator: Old Designator=X9 New Designator=X9
Change Component Designator: Old Designator=X10 New Designator=X10
Change Component Designator: Old Designator=X11 New Designator=X11
Change Component Designator: Old Designator=X12 New Designator=X12
Change Component Designator: Old Designator=X13 New Designator=X13
Change Component Designator: Old Designator=X14 New Designator=X14
Change Component Designator: Old Designator=X17 New Designator=X17
Change Component Designator: Old Designator=X18 New Designator=X18
Change Component Designator: Old Designator=X19 New Designator=X19
Change Component Designator: Old Designator=X20 New Designator=X20
Change Component Designator: Old Designator=Y1 New Designator=Y1
Change Component Designator: Old Designator=Y2 New Designator=Y2
Change Component Designator: Old Designator=Y3 New Designator=Y3
Change Component Designator: Old Designator=Y4 New Designator=Y4
