Change Component Designator: Old Designator=A? New Designator=A?
Change Component Designator: Old Designator=C? New Designator=C?
Change Component Designator: Old Designator=C? New Designator=C?
Change Component Designator: Old Designator=C? New Designator=C?
Change Component Designator: Old Designator=C? New Designator=C?
Change Component Designator: Old Designator=C? New Designator=C?
Change Component Designator: Old Designator=C? New Designator=C?
Change Component Designator: Old Designator=C? New Designator=C?
Change Component Designator: Old Designator=C? New Designator=C?
Change Component Designator: Old Designator=C? New Designator=C?
Change Component Designator: Old Designator=C? New Designator=C?
Change Component Designator: Old Designator=C? New Designator=C?
Change Component Designator: Old Designator=C? New Designator=C?
Change Component Designator: Old Designator=C? New Designator=C?
Change Component Designator: Old Designator=C? New Designator=C?
Change Component Designator: Old Designator=C? New Designator=C?
Change Component Designator: Old Designator=C? New Designator=C?
Change Component Designator: Old Designator=D? New Designator=D?
Change Component Designator: Old Designator=JP? New Designator=JP?
Change Component Designator: Old Designator=JP? New Designator=JP?
Change Component Designator: Old Designator=JP? New Designator=JP?
Change Component Designator: Old Designator=Q? New Designator=Q?
Change Component Designator: Old Designator=R? New Designator=R?
Change Component Designator: Old Designator=R? New Designator=R?
Change Component Designator: Old Designator=R? New Designator=R?
Change Component Designator: Old Designator=R? New Designator=R?
Change Component Designator: Old Designator=R? New Designator=R?
Change Component Designator: Old Designator=R? New Designator=R?
Change Component Designator: Old Designator=R? New Designator=R?
Change Component Designator: Old Designator=R? New Designator=R?
Change Component Designator: Old Designator=R? New Designator=R?
Change Component Designator: Old Designator=R? New Designator=R?
Change Component Designator: Old Designator=R? New Designator=R?
Change Component Designator: Old Designator=R? New Designator=R?
Change Component Designator: Old Designator=R? New Designator=R?
Change Component Designator: Old Designator=R? New Designator=R?
Change Component Designator: Old Designator=U? New Designator=U?
Change Component Designator: Old Designator=U? New Designator=U?
Change Component Designator: Old Designator=U? New Designator=U?
Change Component Designator: Old Designator=U? New Designator=U?
Change Component Designator: Old Designator=U? New Designator=U?
Change Component Designator: Old Designator=U? New Designator=U?
Change Component Designator: Old Designator=X? New Designator=X?
Change Component Designator: Old Designator=X? New Designator=X?
Change Component Designator: Old Designator=X? New Designator=X?
Change Component Designator: Old Designator=X? New Designator=X?
Change Component Designator: Old Designator=X? New Designator=X?
Change Component Designator: Old Designator=X? New Designator=X?
Change Component Designator: Old Designator=X? New Designator=X?
Change Component Designator: Old Designator=X? New Designator=X?
Change Component Designator: Old Designator=X? New Designator=X?
Change Component Designator: Old Designator=X? New Designator=X?
Change Component Designator: Old Designator=Y? New Designator=Y?
Change Component Designator: Old Designator=Y? New Designator=Y?
Change Component Designator: Old Designator=Y? New Designator=Y?
Change Component Designator: Old Designator=Y? New Designator=Y?
