Change Component Designator: Old Designator=C21 New Designator=C21
Change Component Designator: Old Designator=C30 New Designator=C30
Change Component Designator: Old Designator=C31 New Designator=C31
Change Component Designator: Old Designator=C32 New Designator=C32
Change Component Designator: Old Designator=C33 New Designator=C33
Change Component Designator: Old Designator=C34 New Designator=C34
Change Component Designator: Old Designator=Q2 New Designator=Q2
Change Component Designator: Old Designator=R14 New Designator=R14
Change Component Designator: Old Designator=R20 New Designator=R20
Change Component Designator: Old Designator=R85 New Designator=R85
Change Component Designator: Old Designator=R86 New Designator=R86
Change Component Designator: Old Designator=R87 New Designator=R87
Change Component Designator: Old Designator=R98 New Designator=R98
Change Component Designator: Old Designator=R99 New Designator=R99
Change Component Designator: Old Designator=R112 New Designator=R112
Change Component Designator: Old Designator=R113 New Designator=R113
Change Component Designator: Old Designator=R114 New Designator=R114
Change Component Designator: Old Designator=R115 New Designator=R115
Change Component Designator: Old Designator=R116 New Designator=R116
Change Component Designator: Old Designator=R117 New Designator=R117
Change Component Designator: Old Designator=R120 New Designator=R120
Change Component Designator: Old Designator=U3 New Designator=U3
Change Component Designator: Old Designator=U12 New Designator=U12
Change Component Designator: Old Designator=X1 New Designator=X1
Change Component Designator: Old Designator=X2 New Designator=X2
Change Component Designator: Old Designator=X3 New Designator=X3
Change Component Designator: Old Designator=X4 New Designator=X4
Change Component Designator: Old Designator=X5 New Designator=X5
Change Component Designator: Old Designator=X6 New Designator=X6
Change Component Designator: Old Designator=X7 New Designator=X7
Change Component Designator: Old Designator=X8 New Designator=X8
Change Component Designator: Old Designator=X15 New Designator=X15
Change Component Designator: Old Designator=X16 New Designator=X16
