Removed Pin From Net: NetName=GND Pin=C21-2
Removed Pin From Net: NetName=+3V3 Pin=C30-1
Removed Pin From Net: NetName=GND Pin=C30-2
Removed Pin From Net: NetName=+3V3 Pin=C31-1
Removed Pin From Net: NetName=GND Pin=C31-2
Removed Pin From Net: NetName=+3V3 Pin=C32-1
Removed Pin From Net: NetName=GND Pin=C32-2
Removed Pin From Net: NetName=GND Pin=C33-2
Removed Pin From Net: NetName=GND Pin=C34-2
Removed Pin From Net: NetName=GND Pin=C58-1
Removed Pin From Net: NetName=+3V3 Pin=C58-2
Removed Pin From Net: NetName=NetJP11_1 Pin=JP11-1
Removed Pin From Net: NetName=+3V3 Pin=JP11-2
Removed Pin From Net: NetName=P2_10 Pin=JP11-4
Removed Pin From Net: NetName=GND Pin=JP11-5
Removed Pin From Net: NetName=RES Pin=JP11-6
Removed Pin From Net: NetName=+5V_IZ Pin=JP11-9
Removed Pin From Net: NetName=-5V_IZ Pin=JP11-10
Removed Pin From Net: NetName=+3V3 Pin=Q2-2
Removed Pin From Net: NetName=+3V3 Pin=R20-2
Removed Pin From Net: NetName=+3V3 Pin=R85-2
Removed Pin From Net: NetName=+3V3 Pin=R86-2
Removed Pin From Net: NetName=+5V Pin=R87-2
Removed Pin From Net: NetName=+5V Pin=R98-2
Removed Pin From Net: NetName=+3V3 Pin=R99-2
Removed Pin From Net: NetName=+3V3 Pin=R112-2
Removed Pin From Net: NetName=+3V3 Pin=R113-2
Removed Pin From Net: NetName=+3V3 Pin=R114-2
Removed Pin From Net: NetName=+3V3 Pin=R115-2
Removed Pin From Net: NetName=+3V3 Pin=R116-2
Removed Pin From Net: NetName=GND Pin=R117-1
Removed Pin From Net: NetName=+3V3 Pin=R120-2
Removed Pin From Net: NetName=P1_4 Pin=U3-2
Removed Pin From Net: NetName=P1_0 Pin=U3-3
Removed Pin From Net: NetName=P1_1 Pin=U3-4
Removed Pin From Net: NetName=GND Pin=U3-15
Removed Pin From Net: NetName=GND Pin=U3-19
Removed Pin From Net: NetName=+3V3 Pin=U3-22
Removed Pin From Net: NetName=RES Pin=U3-29
Removed Pin From Net: NetName=P1_17 Pin=U3-30
Removed Pin From Net: NetName=P1_16 Pin=U3-31
Removed Pin From Net: NetName=+3V3 Pin=U3-32
Removed Pin From Net: NetName=P1_15 Pin=U3-34
Removed Pin From Net: NetName=GND Pin=U3-35
Removed Pin From Net: NetName=GND Pin=U3-36
Removed Pin From Net: NetName=P1_8 Pin=U3-40
Removed Pin From Net: NetName=P1_14 Pin=U3-41
Removed Pin From Net: NetName=P1_9 Pin=U3-43
Removed Pin From Net: NetName=P1_10 Pin=U3-44
Removed Pin From Net: NetName=GND Pin=U3-47
Removed Pin From Net: NetName=+3V3 Pin=U3-48
Removed Pin From Net: NetName=GND Pin=U12-2
Removed Pin From Net: NetName=P1_15 Pin=U12-3
Removed Pin From Net: NetName=GND Pin=X5-1
Removed Member From Class: ClassName=CPU Member=JP11
Change Net Name : Old Net Name=NetJP11_1 New Net Name=NetR15_1
Added Room: Name=ANALOG-PART
Added Room: Name=cpu_board
