Removed Pin From Net: NetName=UU1 Pin=C4-1
Removed Pin From Net: NetName=GND Pin=C4-2
Added Component: Designator=C2(_1206)
Added Component: Designator=C58(_1206)
Added Component: Designator=Y2(QWARZ1)
Change Net Name : Old Net Name=+5V_IZ New Net Name=-5V_IZ
Change Net Name : Old Net Name=-5V_IZ New Net Name=+5V_IZ
Added Pin To Net: NetName=GND Pin=C2-1
Added Pin To Net: NetName=NetC2_2 Pin=C2-2
Added Pin To Net: NetName=GND Pin=C4-1
Added Pin To Net: NetName=UU1 Pin=C4-1
Added Pin To Net: NetName=GND Pin=C4-2
Added Pin To Net: NetName=NetC4_2 Pin=C4-2
Added Pin To Net: NetName=GND Pin=C58-1
Added Pin To Net: NetName=+3V3 Pin=C58-2
Added Pin To Net: NetName=NetC4_2 Pin=Y2-1
Added Pin To Net: NetName=NetC2_2 Pin=Y2-2
Added Member To Class: ClassName=CPU Member=Component C2 10
Added Member To Class: ClassName=CPU Member=Component C58 1.0
Added Member To Class: ClassName=CPU Member=Component Y2 10MGz
