Added Component: Designator=C3(C3216-1206)
Added Component: Designator=C4(C3216-1206)
Added Component: Designator=JP1(HDR1X3)
Added Component: Designator=JP2(HDR2X5)
Added Component: Designator=U3(SO-G16/D10.4)
Added Net: Name=NetC1_2
Added Pin To Net: NetName=NetC3_2 Pin=C3-2
Added Net: Name=NetC3_2
Added Pin To Net: NetName=NetC4_2 Pin=C4-2
Added Net: Name=NetC4_2
Added Net: Name=NetJ1_2
Added Net: Name=NetJ1_3
Added Net: Name=NetR10_2
Added Net: Name=NetR12_2
Added Pin To Net: NetName=GND Pin=C3-1
Added Pin To Net: NetName=GND Pin=C4-1
Added Class: Name=USB
Added Room: Name=LAN
Added Room: Name=USB
Added Room: Name=face_board
