Added Component: Designator=C1(_1206)
Added Component: Designator=J1(USB2.5-2H4D)
Added Component: Designator=R9(_1206)
Added Component: Designator=R10(_1206)
Added Component: Designator=R12(_1206)
Added Component: Designator=U2(SOP65P780-28L)
Added Component: Designator=U5(FOD817ASD)
Added Pin To Net: NetName=GND_USB Pin=C1-1
Added Pin To Net: NetName=NetC1_2 Pin=C1-2
Added Pin To Net: NetName=NetC3_2 Pin=J1-1
Added Pin To Net: NetName=NetJ1_2 Pin=J1-2
Added Pin To Net: NetName=NetJ1_3 Pin=J1-3
Added Pin To Net: NetName=GND_USB Pin=J1-5
Added Pin To Net: NetName=GND_USB Pin=J1-6
Added Pin To Net: NetName=NetC3_2 Pin=R9-1
Added Pin To Net: NetName=NetC1_2 Pin=R9-2
Added Pin To Net: NetName=NetJ1_3 Pin=R10-1
Added Pin To Net: NetName=NetR10_2 Pin=R10-2
Added Pin To Net: NetName=NetJ1_2 Pin=R12-1
Added Pin To Net: NetName=NetR12_2 Pin=R12-2
Added Pin To Net: NetName=NetU2_1 Pin=U2-1
Added Pin To Net: NetName=NetC4_2 Pin=U2-4
Added Pin To Net: NetName=NetU2_5 Pin=U2-5
Added Pin To Net: NetName=GND_USB Pin=U2-7
Added Pin To Net: NetName=NetR10_2 Pin=U2-15
Added Pin To Net: NetName=NetR12_2 Pin=U2-16
Added Pin To Net: NetName=NetC4_2 Pin=U2-17
Added Pin To Net: NetName=GND_USB Pin=U2-18
Added Pin To Net: NetName=NetC1_2 Pin=U2-20
Added Pin To Net: NetName=GND_USB Pin=U2-21
Added Pin To Net: NetName=GND_USB Pin=U2-25
Added Pin To Net: NetName=GND_USB Pin=U2-26
Added Pin To Net: NetName=GND_USB Pin=U5-1
Added Pin To Net: NetName=NetU3_9 Pin=U5-3
Added Member To Class: ClassName=USB Member=Component C1 1.0
Added Member To Class: ClassName=USB Member=Component J1 miniUSB
Added Member To Class: ClassName=USB Member=Component R9 1R
Added Member To Class: ClassName=USB Member=Component R10 20R
Added Member To Class: ClassName=USB Member=Component R12 20R
Added Member To Class: ClassName=USB Member=Component U2 FT232R
Added Member To Class: ClassName=USB Member=Component U5 FOD817ASD
