Removed Pin From Net: NetName=GND_USB Pin=U5-1
Removed Pin From Net: NetName=NetU3_9 Pin=X8-1
Added Component: Designator=R?(_1206)
Added Pin To Net: NetName=NetR?_1 Pin=R?-1
Added Pin To Net: NetName=NetR?_1 Pin=U2-3
Added Net: Name=NetR?_1
Added Pin To Net: NetName=NetR?_2 Pin=R?-2
Added Pin To Net: NetName=NetR?_2 Pin=U5-1
Added Net: Name=NetR?_2
Added Pin To Net: NetName=NetU2_2 Pin=U2-2
Added Pin To Net: NetName=NetU2_2 Pin=U3-4
Added Net: Name=NetU2_2
Added Pin To Net: NetName=NetU3_12 Pin=U3-12
Added Pin To Net: NetName=NetU3_12 Pin=X7-1
Added Net: Name=NetU3_12
Added Pin To Net: NetName=NetU5_4 Pin=U5-4
Added Pin To Net: NetName=NetU5_4 Pin=X8-1
Added Net: Name=NetU5_4
Added Pin To Net: NetName=NetU3_13 Pin=U3-13
Added Pin To Net: NetName=NetU3_14 Pin=U3-14
Added Pin To Net: NetName=GND_USB Pin=U5-2
Added Pin To Net: NetName=NetU3_9 Pin=X1-1
Added Pin To Net: NetName=NetU3_9 Pin=X2-1
Added Pin To Net: NetName=NetU3_9 Pin=X3-1
Added Pin To Net: NetName=NetU3_9 Pin=X4-1
Added Pin To Net: NetName=NetU3_14 Pin=X5-1
Added Pin To Net: NetName=NetU3_13 Pin=X6-1
Added Member To Class: ClassName=USB Member=Component R? 200R
